replugin-host-lib/build/intermediates/manifest_merge_blame_file/debug/manifest-merger-blame-debug-report.txt
1<?xml version="1.0" encoding="utf-8"?>
2<!--
3  ~ Copyright (C) 2005-2017 Qihoo 360 Inc.
4  ~
5  ~ Licensed under the Apache License, Version 2.0 (the "License"); you may not
6  ~ use this file except in compliance with the License. You may obtain a copy of
7  ~ the License at
8  ~
9  ~ http://www.apache.org/licenses/LICENSE-2.0
10  ~
11  ~ Unless required by applicable law or agreed To in writing, software
12  ~ distributed under the License is distributed on an "AS IS" BASIS, WITHOUT
13  ~ WARRANTIES OR CONDITIONS OF ANY KIND, either express or implied. See the
14  ~ License for the specific language governing permissions and limitations under
15  ~ the License.
16-->
17<manifest xmlns:android="http://schemas.android.com/apk/res/android"
18    package="com.qihoo360.mobilesafe.core"
19    android:versionCode="2"
20    android:versionName="unspecified" >
21
22    <uses-sdk
23        android:minSdkVersion="9"
23-->src\main\AndroidManifest.xml
24        android:targetSdkVersion="25" />
24-->src\main\AndroidManifest.xml
25
26    <application>
26-->src\main\AndroidManifest.xml:20:5-215:19
27
28        <!-- 注意：此文件不要写入与'坑位'配置相关的组件（Activity、Provider），它们由 gradle 插件自动生成） -->
29        <!-- 注意：此文件不要写入与'坑位'配置相关的组件（Activity、Provider），它们由 gradle 插件自动生成） -->
30        <!-- 注意：此文件不要写入与'坑位'配置相关的组件（Activity、Provider），它们由 gradle 插件自动生成） -->
31
32
33        <!-- ======================================================================== -->
34        <!-- 开始：插件stub -->
35        <!-- Activity坑中的screenSize属性 7.3.0以上才支持 -->
36
37        <provider
37-->src\main\AndroidManifest.xml:30:9-33:40
38            android:name="com.qihoo360.replugin.component.process.ProcessPitProviderUI"
38-->src\main\AndroidManifest.xml:31:13-88
39            android:authorities="dollar_openBracket_applicationId_closeBracket.loader.p.mainN1"
39-->src\main\AndroidManifest.xml:32:13-67
40            android:exported="false" />
40-->src\main\AndroidManifest.xml:33:13-37
41        <provider
42            android:name="dollar_openBracket_applicationId_closeBracket.loader.p.ProviderN1"
43            android:authorities="dollar_openBracket_applicationId_closeBracket.loader.p.prN1"
44            android:exported="false" />
45
46        <service
47            android:name="dollar_openBracket_applicationId_closeBracket.loader.s.ServiceN1"
48            android:exported="false" />
49
50        <provider
50-->src\main\AndroidManifest.xml:43:9-47:42
51            android:name="com.qihoo360.replugin.component.process.ProcessPitProviderLoader0"
51-->src\main\AndroidManifest.xml:44:13-93
52            android:authorities="dollar_openBracket_applicationId_closeBracket.loader.p.main0"
52-->src\main\AndroidManifest.xml:45:13-66
53            android:exported="false"
53-->src\main\AndroidManifest.xml:46:13-37
54            android:process=":loader0" />
54-->src\main\AndroidManifest.xml:47:13-39
55        <provider
56            android:name="dollar_openBracket_applicationId_closeBracket.loader.p.Provider0"
57            android:authorities="dollar_openBracket_applicationId_closeBracket.loader.p.pr0"
58            android:exported="false"
59            android:process=":loader0" />
60
61        <service
62            android:name="dollar_openBracket_applicationId_closeBracket.loader.s.Service0"
63            android:exported="false"
64            android:process=":loader0" />
65
66        <activity
67            android:name="dollar_openBracket_applicationId_closeBracket.loader.a.Activity0_singleTask1"
68            android:configChanges="keyboard|keyboardHidden|orientation|screenSize"
69            android:exported="false"
70            android:launchMode="singleTask"
71            android:process=":loader0"
72            android:screenOrientation="portrait"
73            android:taskAffinity=":loader0"
74            android:theme="@android:style/Theme.NoTitleBar" />
75        <activity
76            android:name="dollar_openBracket_applicationId_closeBracket.loader.a.Activity0_singleInstance1"
77            android:configChanges="keyboard|keyboardHidden|orientation|screenSize"
78            android:exported="false"
79            android:launchMode="singleInstance"
80            android:process=":loader0"
81            android:screenOrientation="portrait"
82            android:theme="@android:style/Theme.NoTitleBar" />
83        <activity
84            android:name="dollar_openBracket_applicationId_closeBracket.loader.a.Activity0_task"
85            android:configChanges="keyboard|keyboardHidden|orientation|screenSize"
86            android:exported="false"
87            android:process=":loader0"
88            android:screenOrientation="portrait"
89            android:theme="@android:style/Theme.NoTitleBar" />
90        <activity
91            android:name="dollar_openBracket_applicationId_closeBracket.loader.a.Activity0_fullscreen"
92            android:configChanges="keyboard|keyboardHidden|orientation|screenSize"
93            android:exported="false"
94            android:process=":loader0"
95            android:screenOrientation="portrait"
96            android:theme="@android:style/Theme.NoTitleBar.Fullscreen" />
97        <activity
98            android:name="dollar_openBracket_applicationId_closeBracket.loader.a.Activity0_translucent"
99            android:configChanges="keyboard|keyboardHidden|orientation|screenSize"
100            android:exported="false"
101            android:process=":loader0"
102            android:screenOrientation="portrait"
103            android:theme="@android:style/Theme.Translucent.NoTitleBar" />
104        <activity
105            android:name="dollar_openBracket_applicationId_closeBracket.loader.a.Activity0_translucent_fullscreen"
106            android:configChanges="keyboard|keyboardHidden|orientation|screenSize"
107            android:exported="false"
108            android:process=":loader0"
109            android:screenOrientation="portrait"
110            android:theme="@android:style/Theme.Translucent.NoTitleBar.Fullscreen" />
111        <activity
112            android:name="dollar_openBracket_applicationId_closeBracket.loader.a.Activity0_dialog"
113            android:configChanges="keyboard|keyboardHidden|orientation|screenSize"
114            android:exported="false"
115            android:process=":loader0"
116            android:screenOrientation="portrait"
117            android:theme="@android:style/Theme.Dialog" />
118        <activity
119            android:name="dollar_openBracket_applicationId_closeBracket.loader.a.Activity0"
120            android:configChanges="keyboard|keyboardHidden|orientation|screenSize"
121            android:exported="false"
122            android:process=":loader0"
123            android:screenOrientation="portrait"
124            android:taskAffinity=":loader0"
125            android:theme="@android:style/Theme.NoTitleBar" />
126
127        <provider
127-->src\main\AndroidManifest.xml:120:9-124:42
128            android:name="com.qihoo360.replugin.component.process.ProcessPitProviderLoader1"
128-->src\main\AndroidManifest.xml:121:13-93
129            android:authorities="dollar_openBracket_applicationId_closeBracket.loader.p.main1"
129-->src\main\AndroidManifest.xml:122:13-66
130            android:exported="false"
130-->src\main\AndroidManifest.xml:123:13-37
131            android:process=":loader1" />
131-->src\main\AndroidManifest.xml:124:13-39
132        <provider
133            android:name="dollar_openBracket_applicationId_closeBracket.loader.p.Provider1"
134            android:authorities="dollar_openBracket_applicationId_closeBracket.loader.p.pr1"
135            android:exported="false"
136            android:process=":loader1" />
137
138        <service
139            android:name="dollar_openBracket_applicationId_closeBracket.loader.s.Service1"
140            android:exported="false"
141            android:process=":loader1" />
142
143        <activity
144            android:name="dollar_openBracket_applicationId_closeBracket.loader.a.Activity1_singleTask1"
145            android:configChanges="keyboard|keyboardHidden|orientation|screenSize"
146            android:exported="false"
147            android:launchMode="singleTask"
148            android:process=":loader1"
149            android:screenOrientation="portrait"
150            android:taskAffinity=":loader1"
151            android:theme="@android:style/Theme.NoTitleBar" />
152        <activity
153            android:name="dollar_openBracket_applicationId_closeBracket.loader.a.Activity1_singleInstance1"
154            android:configChanges="keyboard|keyboardHidden|orientation|screenSize"
155            android:exported="false"
156            android:launchMode="singleInstance"
157            android:process=":loader1"
158            android:screenOrientation="portrait"
159            android:theme="@android:style/Theme.NoTitleBar" />
160        <activity
161            android:name="dollar_openBracket_applicationId_closeBracket.loader.a.Activity1_task"
162            android:configChanges="keyboard|keyboardHidden|orientation|screenSize"
163            android:exported="false"
164            android:process=":loader1"
165            android:screenOrientation="portrait"
166            android:theme="@android:style/Theme.NoTitleBar" />
167        <activity
168            android:name="dollar_openBracket_applicationId_closeBracket.loader.a.Activity1_fullscreen"
169            android:configChanges="keyboard|keyboardHidden|orientation|screenSize"
170            android:exported="false"
171            android:process=":loader1"
172            android:screenOrientation="portrait"
173            android:theme="@android:style/Theme.NoTitleBar.Fullscreen" />
174        <activity
175            android:name="dollar_openBracket_applicationId_closeBracket.loader.a.Activity1_translucent"
176            android:configChanges="keyboard|keyboardHidden|orientation|screenSize"
177            android:exported="false"
178            android:process=":loader1"
179            android:screenOrientation="portrait"
180            android:theme="@android:style/Theme.Translucent.NoTitleBar" />
181        <activity
182            android:name="dollar_openBracket_applicationId_closeBracket.loader.a.Activity1_translucent_fullscreen"
183            android:configChanges="keyboard|keyboardHidden|orientation|screenSize"
184            android:exported="false"
185            android:process=":loader1"
186            android:screenOrientation="portrait"
187            android:theme="@android:style/Theme.Translucent.NoTitleBar.Fullscreen" />
188        <activity
189            android:name="dollar_openBracket_applicationId_closeBracket.loader.a.Activity1_dialog"
190            android:configChanges="keyboard|keyboardHidden|orientation|screenSize"
191            android:exported="false"
192            android:process=":loader1"
193            android:screenOrientation="portrait"
194            android:theme="@android:style/Theme.Dialog" />
195        <activity
196            android:name="dollar_openBracket_applicationId_closeBracket.loader.a.Activity1"
197            android:configChanges="keyboard|keyboardHidden|orientation|screenSize"
198            android:exported="false"
199            android:process=":loader1"
200            android:screenOrientation="portrait"
201            android:taskAffinity=":loader1"
202            android:theme="@android:style/Theme.NoTitleBar" />
203
204        <provider
204-->src\main\AndroidManifest.xml:197:9-200:40
205            android:name="com.qihoo360.replugin.component.provider.PluginPitProviderUI"
205-->src\main\AndroidManifest.xml:198:13-88
206            android:authorities="dollar_openBracket_applicationId_closeBracket.Plugin.NP.UIP"
206-->src\main\AndroidManifest.xml:199:13-65
207            android:exported="false" />
207-->src\main\AndroidManifest.xml:200:13-37
208
209        <service android:name="com.qihoo360.replugin.component.service.server.PluginPitServiceUI" />
209-->src\main\AndroidManifest.xml:202:9-203:96
209-->src\main\AndroidManifest.xml:203:13-93
210
211        <!-- 结束：插件stub -->
212        <!-- ======================================================================== -->
213
214
215        <!-- 在UI进程中安装插件。请参见类的说明 -->
216        <provider
216-->src\main\AndroidManifest.xml:209:9-213:20
217            android:name="com.qihoo360.replugin.packages.PluginFastInstallProvider"
217-->src\main\AndroidManifest.xml:210:13-84
218            android:authorities="dollar_openBracket_applicationId_closeBracket.loader.p.pip"
218-->src\main\AndroidManifest.xml:211:13-64
219            android:exported="false" >
219-->src\main\AndroidManifest.xml:212:13-37
220        </provider>
221    </application>
222
223</manifest>